TN:
SF:src\Applications\security\PasswordHash.js
FN:4,(anonymous_0)
FNF:1
FNH:1
FNDA:1,(anonymous_0)
DA:5,1
DA:9,5
LF:2
LH:2
BRF:0
BRH:0
end_of_record
TN:
SF:src\Applications\security\TokenManager.js
FN:4,(anonymous_0)
FN:8,(anonymous_1)
FN:12,(anonymous_2)
FNF:3
FNH:3
FNDA:1,(anonymous_0)
FNDA:1,(anonymous_1)
FNDA:1,(anonymous_2)
DA:5,1
DA:9,1
DA:13,1
DA:17,4
LF:4
LH:4
BRF:0
BRH:0
end_of_record
TN:
SF:src\Applications\use_case\AddUserUseCase.js
FN:9,(anonymous_0)
FN:14,(anonymous_1)
FNF:2
FNH:2
FNDA:3,(anonymous_0)
FNDA:8,(anonymous_1)
DA:1,3
DA:10,3
DA:11,3
DA:15,8
DA:17,4
DA:19,3
DA:21,3
DA:25,3
LF:8
LH:8
BRF:0
BRH:0
end_of_record
TN:
SF:src\Applications\use_case\GetAuthenticationUseCase.js
FN:15,(anonymous_0)
FN:24,(anonymous_1)
FN:43,(anonymous_2)
FN:58,(anonymous_3)
FNF:4
FNH:3
FNDA:2,(anonymous_0)
FNDA:2,(anonymous_1)
FNDA:1,(anonymous_2)
FNDA:0,(anonymous_3)
DA:16,2
DA:17,2
DA:18,2
DA:25,2
DA:27,2
DA:29,2
DA:30,2
DA:31,2
DA:32,2
DA:37,2
DA:46,1
DA:47,0
DA:50,0
DA:52,0
DA:59,0
DA:60,0
DA:64,2
LF:17
LH:12
BRF:0
BRH:0
end_of_record
TN:
SF:src\Commons\exceptions\AuthenticationError.js
FN:4,(anonymous_0)
FNF:1
FNH:1
FNDA:2,(anonymous_0)
DA:1,3
DA:5,2
DA:6,2
DA:10,3
LF:4
LH:4
BRF:0
BRH:0
end_of_record
TN:
SF:src\Commons\exceptions\ClientError.js
FN:2,(anonymous_0)
FNF:1
FNH:1
FNDA:23,(anonymous_0)
DA:3,23
DA:5,23
DA:6,1
DA:9,22
DA:10,22
DA:14,9
LF:6
LH:6
BRDA:2,0,0,20
BRDA:5,1,0,1
BRDA:5,1,1,22
BRF:3
BRH:3
end_of_record
TN:
SF:src\Commons\exceptions\DomainsTranslatorError.js
FN:8,(anonymous_0)
FNF:1
FNH:1
FNDA:13,(anonymous_0)
DA:1,2
DA:3,2
DA:8,13
DA:11,2
DA:18,2
LF:5
LH:5
BRDA:8,0,0,13
BRDA:8,0,1,5
BRF:2
BRH:2
end_of_record
TN:
SF:src\Commons\exceptions\InvariantError.js
FN:4,(anonymous_0)
FNF:1
FNH:1
FNDA:19,(anonymous_0)
DA:1,6
DA:5,19
DA:6,19
DA:10,6
LF:4
LH:4
BRF:0
BRH:0
end_of_record
TN:
SF:src\Commons\exceptions\NotFoundError.js
FN:4,(anonymous_0)
FNF:1
FNH:1
FNDA:1,(anonymous_0)
DA:1,1
DA:5,1
DA:6,1
DA:10,1
LF:4
LH:4
BRF:0
BRH:0
end_of_record
TN:
SF:src\Domains\authentications\AuthenticationsRepository.js
FN:4,(anonymous_0)
FN:8,(anonymous_1)
FN:12,(anonymous_2)
FNF:3
FNH:3
FNDA:1,(anonymous_0)
FNDA:1,(anonymous_1)
FNDA:1,(anonymous_2)
DA:5,1
DA:9,1
DA:13,1
DA:17,4
LF:4
LH:4
BRF:0
BRH:0
end_of_record
TN:
SF:src\Domains\users\UserRepository.js
FN:4,(anonymous_0)
FN:8,(anonymous_1)
FN:12,(anonymous_2)
FNF:3
FNH:3
FNDA:1,(anonymous_0)
FNDA:1,(anonymous_1)
FNDA:1,(anonymous_2)
DA:5,1
DA:9,1
DA:13,1
DA:17,5
LF:4
LH:4
BRF:0
BRH:0
end_of_record
TN:
SF:src\Domains\users\entities\RegisterUser.js
FN:2,(anonymous_0)
FN:11,(anonymous_1)
FNF:2
FNH:2
FNDA:16,(anonymous_0)
FNDA:16,(anonymous_1)
DA:3,16
DA:4,8
DA:6,8
DA:7,8
DA:8,8
DA:12,16
DA:13,2
DA:16,14
DA:17,2
DA:20,12
DA:21,2
DA:24,10
DA:25,2
DA:30,4
LF:14
LH:14
BRDA:12,0,0,2
BRDA:12,0,1,14
BRDA:12,1,0,16
BRDA:12,1,1,15
BRDA:12,1,2,15
BRDA:16,2,0,2
BRDA:16,2,1,12
BRDA:16,3,0,14
BRDA:16,3,1,13
BRDA:16,3,2,13
BRDA:20,4,0,2
BRDA:20,4,1,10
BRDA:24,5,0,2
BRDA:24,5,1,8
BRF:14
BRH:14
end_of_record
TN:
SF:src\Domains\users\entities\RegisteredUser.js
FN:2,(anonymous_0)
FN:11,(anonymous_1)
FNF:2
FNH:2
FNDA:9,(anonymous_0)
FNDA:9,(anonymous_1)
DA:3,9
DA:4,7
DA:6,7
DA:7,7
DA:8,7
DA:12,9
DA:13,1
DA:16,8
DA:17,1
DA:22,4
LF:10
LH:10
BRDA:12,0,0,1
BRDA:12,0,1,8
BRDA:12,1,0,9
BRDA:12,1,1,8
BRDA:12,1,2,8
BRDA:16,2,0,1
BRDA:16,2,1,7
BRDA:16,3,0,8
BRDA:16,3,1,7
BRDA:16,3,2,7
BRF:10
BRH:10
end_of_record
TN:
SF:src\Infrastructures\http\createServer.js
FN:9,(anonymous_0)
FN:30,(anonymous_1)
FNF:2
FNH:2
FNDA:10,(anonymous_0)
FNDA:10,(anonymous_1)
DA:1,1
DA:2,1
DA:3,1
DA:4,1
DA:5,1
DA:9,1
DA:10,10
DA:15,10
DA:30,10
DA:32,10
DA:34,10
DA:36,8
DA:39,8
DA:40,6
DA:45,6
DA:46,6
DA:50,2
DA:51,1
DA:55,1
DA:59,1
DA:60,1
DA:64,2
DA:67,10
DA:70,1
LF:24
LH:24
BRDA:34,0,0,8
BRDA:34,0,1,2
BRDA:39,1,0,6
BRDA:39,1,1,2
BRDA:50,2,0,1
BRDA:50,2,1,1
BRF:6
BRH:6
end_of_record
TN:
SF:src\Infrastructures\repository\AuthenticationsRepositoryPostgres.js
FN:10,(anonymous_0)
FN:15,(anonymous_1)
FN:23,(anonymous_2)
FN:37,(anonymous_3)
FNF:4
FNH:4
FNDA:5,(anonymous_0)
FNDA:2,(anonymous_1)
FNDA:2,(anonymous_2)
FNDA:1,(anonymous_3)
DA:1,2
DA:2,2
DA:11,5
DA:12,5
DA:16,2
DA:20,2
DA:24,2
DA:28,2
DA:30,2
DA:32,2
DA:33,1
DA:38,1
DA:43,1
DA:47,2
LF:14
LH:14
BRDA:32,0,0,1
BRDA:32,0,1,1
BRF:2
BRH:2
end_of_record
TN:
SF:src\Infrastructures\repository\UserRepositoryPostgres.js
FN:13,(anonymous_0)
FN:20,(anonymous_1)
FN:36,(anonymous_2)
FN:52,(anonymous_3)
FNF:4
FNH:4
FNDA:8,(anonymous_0)
FNDA:5,(anonymous_1)
FNDA:4,(anonymous_2)
FNDA:5,(anonymous_3)
DA:1,2
DA:2,2
DA:3,2
DA:4,2
DA:14,8
DA:15,8
DA:16,8
DA:17,8
DA:21,5
DA:26,5
DA:27,5
DA:28,2
DA:37,4
DA:38,4
DA:39,4
DA:44,4
DA:45,4
DA:53,5
DA:58,5
DA:60,5
DA:61,1
DA:64,4
DA:66,4
DA:68,4
DA:69,1
DA:72,3
DA:75,2
LF:27
LH:27
BRDA:27,0,0,2
BRDA:27,0,1,3
BRDA:60,1,0,1
BRDA:60,1,1,4
BRDA:68,2,0,1
BRDA:68,2,1,3
BRF:6
BRH:6
end_of_record
TN:
SF:src\Infrastructures\security\BcryptPasswordHash.js
FN:13,(anonymous_0)
FN:19,(anonymous_1)
FNF:2
FNH:2
FNDA:4,(anonymous_0)
FNDA:4,(anonymous_1)
DA:1,3
DA:14,4
DA:15,4
DA:16,4
DA:20,4
DA:24,3
LF:6
LH:6
BRDA:13,0,0,4
BRF:1
BRH:1
end_of_record
TN:
SF:src\Infrastructures\security\JwtTokenManager.js
FN:10,(anonymous_0)
FN:15,(anonymous_1)
FN:19,(anonymous_2)
FN:23,(anonymous_3)
FNF:4
FNH:4
FNDA:6,(anonymous_0)
FNDA:5,(anonymous_1)
FNDA:7,(anonymous_2)
FNDA:3,(anonymous_3)
DA:1,2
DA:2,2
DA:11,6
DA:12,6
DA:16,5
DA:20,7
DA:24,3
DA:25,3
DA:26,1
DA:28,1
DA:29,1
DA:31,2
DA:36,2
LF:13
LH:13
BRF:0
BRH:0
end_of_record
TN:
SF:src\Interfaces\http\api\authentications\handler.js
FN:9,(anonymous_0)
FN:21,(anonymous_1)
FN:39,(anonymous_2)
FN:61,(anonymous_3)
FNF:4
FNH:3
FNDA:10,(anonymous_0)
FNDA:1,(anonymous_1)
FNDA:1,(anonymous_2)
FNDA:0,(anonymous_3)
DA:1,1
DA:10,10
DA:12,10
DA:13,10
DA:14,10
DA:23,1
DA:24,1
DA:26,1
DA:31,1
DA:32,1
DA:40,1
DA:43,1
DA:44,1
DA:46,0
DA:53,0
DA:54,0
DA:62,0
DA:65,0
DA:66,0
DA:68,0
DA:72,0
DA:73,0
DA:77,1
LF:23
LH:14
BRF:0
BRH:0
end_of_record
TN:
SF:src\Interfaces\http\api\authentications\index.js
FN:11,(anonymous_0)
FNF:1
FNH:1
FNDA:10,(anonymous_0)
DA:1,1
DA:2,1
DA:4,1
DA:12,10
DA:13,10
LF:5
LH:5
BRF:0
BRH:0
end_of_record
TN:
SF:src\Interfaces\http\api\authentications\routes.js
FN:6,(anonymous_0)
FNF:1
FNH:1
FNDA:10,(anonymous_0)
DA:6,10
DA:24,1
LF:2
LH:2
BRF:0
BRH:0
end_of_record
TN:
SF:src\Interfaces\http\api\users\handler.js
FN:9,(anonymous_0)
FN:19,(anonymous_1)
FNF:2
FNH:2
FNDA:10,(anonymous_0)
FNDA:7,(anonymous_1)
DA:1,1
DA:10,10
DA:12,10
DA:21,7
DA:22,6
DA:24,1
DA:31,1
DA:32,1
DA:36,1
LF:9
LH:9
BRF:0
BRH:0
end_of_record
TN:
SF:src\Interfaces\http\api\users\index.js
FN:11,(anonymous_0)
FNF:1
FNH:1
FNDA:10,(anonymous_0)
DA:1,1
DA:2,1
DA:4,1
DA:12,10
DA:13,10
LF:5
LH:5
BRF:0
BRH:0
end_of_record
TN:
SF:src\Interfaces\http\api\users\routes.js
FN:6,(anonymous_0)
FNF:1
FNH:1
FNDA:10,(anonymous_0)
DA:6,10
DA:14,1
LF:2
LH:2
BRF:0
BRH:0
end_of_record
